<?xml version="1.0" encoding="utf-8"?><testsuites name="pytest tests"><testsuite name="pytest" errors="0" failures="0" skipped="0" tests="12" time="7.348" timestamp="2026-02-27T08:37:22.085500+00:00" hostname="agent-env-b5563d77-6965-430e-862b-88e895217045"><testcase classname="tests.test_auth_flow.TestAuthSendOTP" name="test_send_otp_success" time="1.187" /><testcase classname="tests.test_auth_flow.TestAuthSendOTP" name="test_send_otp_without_mobile" time="0.101" /><testcase classname="tests.test_auth_flow.TestAuthSendOTP" name="test_send_otp_without_country_code" time="1.017" /><testcase classname="tests.test_auth_flow.TestAuthVerifyOTP" name="test_verify_otp_not_found" time="0.103" /><testcase classname="tests.test_auth_flow.TestAuthVerifyOTP" name="test_verify_otp_invalid" time="1.152" /><testcase classname="tests.test_auth_flow.TestAuthVerifyOTP" name="test_verify_otp_without_otp_field" time="0.096" /><testcase classname="tests.test_auth_flow.TestAuthUserFlow" name="test_send_otp_and_check_response_format" time="1.034" /><testcase classname="tests.test_auth_flow.TestAuthUserFlow" name="test_multiple_otp_sends" time="2.111" /><testcase classname="tests.test_auth_flow.TestUserProfile" name="test_get_nonexistent_user" time="0.116" /><testcase classname="tests.test_auth_flow.TestUserProfile" name="test_update_nonexistent_user" time="0.132" /><testcase classname="tests.test_auth_flow.TestAPIHealth" name="test_api_root" time="0.109" /><testcase classname="tests.test_auth_flow.TestAPIHealth" name="test_categories_endpoint" time="0.095" /></testsuite></testsuites>