<?xml version="1.0" encoding="utf-8"?><testsuites name="pytest tests"><testsuite name="pytest" errors="0" failures="0" skipped="0" tests="12" time="2.024" timestamp="2026-03-06T21:40:38.368018+00:00" hostname="agent-env-e4b3715f-6b02-4a6f-9505-45b80d728de8"><testcase classname="tests.test_backend_refactoring.TestHealthEndpoint" name="test_health_returns_ok" time="0.178" /><testcase classname="tests.test_backend_refactoring.TestCategoriesEndpoint" name="test_categories_returns_10_categories" time="0.150" /><testcase classname="tests.test_backend_refactoring.TestNewsFeedEndpoint" name="test_news_feed_returns_articles" time="0.137" /><testcase classname="tests.test_backend_refactoring.TestEpaperEndpoints" name="test_epaper_editions_returns_list" time="0.167" /><testcase classname="tests.test_backend_refactoring.TestEpaperEndpoints" name="test_epaper_date_returns_dense_pages" time="0.161" /><testcase classname="tests.test_backend_refactoring.TestLiveTVEndpoint" name="test_live_tv_returns_response" time="0.121" /><testcase classname="tests.test_backend_refactoring.TestShortsEndpoint" name="test_shorts_returns_response" time="0.127" /><testcase classname="tests.test_backend_refactoring.TestScraperEndpoint" name="test_scraper_status_returns_response" time="0.110" /><testcase classname="tests.test_backend_refactoring.TestAnalyticsEndpoint" name="test_analytics_overview_returns_data" time="0.231" /><testcase classname="tests.test_backend_refactoring.TestAuthEndpoints" name="test_send_otp_for_admin" time="0.144" /><testcase classname="tests.test_backend_refactoring.TestAuthEndpoints" name="test_verify_otp_for_admin" time="0.314" /><testcase classname="tests.test_backend_refactoring.TestNewsAdminEndpoints" name="test_news_admin_all_returns_articles" time="0.114" /></testsuite></testsuites>