<?xml version="1.0" encoding="utf-8"?><testsuites name="pytest tests"><testsuite name="pytest" errors="0" failures="0" skipped="0" tests="16" time="86.918" timestamp="2026-03-06T22:01:49.961279+00:00" hostname="agent-env-bef45edf-1908-45b1-ad65-0fc86804525a"><testcase classname="backend.tests.test_dual_edition.TestDualEditionEditions" name="test_editions_returns_slot_field" time="0.336" /><testcase classname="backend.tests.test_dual_edition.TestDualEditionEditions" name="test_editions_has_both_morning_and_evening" time="0.147" /><testcase classname="backend.tests.test_dual_edition.TestDualEditionContent" name="test_morning_edition_returns_correct_title" time="0.147" /><testcase classname="backend.tests.test_dual_edition.TestDualEditionContent" name="test_evening_edition_returns_correct_title" time="0.140" /><testcase classname="backend.tests.test_dual_edition.TestDualEditionContent" name="test_morning_edition_telugu" time="0.155" /><testcase classname="backend.tests.test_dual_edition.TestDualEditionContent" name="test_evening_edition_telugu" time="0.141" /><testcase classname="backend.tests.test_dual_edition.TestDualEditionContent" name="test_without_slot_param_backward_compatible" time="0.161" /><testcase classname="backend.tests.test_dual_edition.TestDualEditionContent" name="test_morning_evening_have_different_articles" time="0.281" /><testcase classname="backend.tests.test_dual_edition.TestDualEditionPDF" name="test_pdf_morning_edition" time="12.338" /><testcase classname="backend.tests.test_dual_edition.TestDualEditionPDF" name="test_pdf_evening_edition" time="13.845" /><testcase classname="backend.tests.test_dual_edition.TestDualEditionPDF" name="test_pdf_without_slot" time="55.240" /><testcase classname="backend.tests.test_dual_edition.TestHealthAndScraper" name="test_health_endpoint" time="0.265" /><testcase classname="backend.tests.test_dual_edition.TestHealthAndScraper" name="test_scraper_status" time="0.118" /><testcase classname="backend.tests.test_dual_edition.TestEditionPageStructure" name="test_morning_edition_has_pages" time="0.195" /><testcase classname="backend.tests.test_dual_edition.TestEditionPageStructure" name="test_evening_edition_has_pages" time="3.034" /><testcase classname="backend.tests.test_dual_edition.TestEditionPageStructure" name="test_articles_have_required_fields" time="0.175" /></testsuite></testsuites>