<?xml version="1.0" encoding="utf-8"?><testsuites name="pytest tests"><testsuite name="pytest" errors="0" failures="0" skipped="0" tests="11" time="1.890" timestamp="2026-03-06T22:16:51.318197+00:00" hostname="agent-env-bef45edf-1908-45b1-ad65-0fc86804525a"><testcase classname="backend.tests.test_epaper_refactor.TestEpaperEditions" name="test_editions_endpoint_returns_list" time="0.182" /><testcase classname="backend.tests.test_epaper_refactor.TestEpaperEditions" name="test_editions_have_required_fields" time="0.141" /><testcase classname="backend.tests.test_epaper_refactor.TestEpaperEditions" name="test_both_slots_available_for_march_5" time="0.119" /><testcase classname="backend.tests.test_epaper_refactor.TestEpaperMorningEdition" name="test_morning_edition_returns_content" time="0.191" /><testcase classname="backend.tests.test_epaper_refactor.TestEpaperMorningEdition" name="test_morning_edition_has_pages" time="0.124" /><testcase classname="backend.tests.test_epaper_refactor.TestEpaperMorningEdition" name="test_morning_telugu_edition" time="0.143" /><testcase classname="backend.tests.test_epaper_refactor.TestEpaperEveningEdition" name="test_evening_edition_returns_content" time="0.156" /><testcase classname="backend.tests.test_epaper_refactor.TestEpaperEveningEdition" name="test_evening_edition_has_more_articles" time="0.320" /><testcase classname="backend.tests.test_epaper_refactor.TestBreakingNewsNotifications" name="test_breaking_news_endpoint" time="0.134" /><testcase classname="backend.tests.test_epaper_refactor.TestBreakingNewsNotifications" name="test_breaking_news_article_fields" time="0.137" /><testcase classname="backend.tests.test_epaper_refactor.TestHealthEndpoint" name="test_health_check" time="0.136" /></testsuite></testsuites>