<?xml version="1.0" encoding="utf-8"?><testsuites name="pytest tests"><testsuite name="pytest" errors="0" failures="0" skipped="0" tests="11" time="4.338" timestamp="2026-03-08T11:15:29.834296+00:00" hostname="agent-env-1ba74f48-2252-4078-85b6-26d8ed78292d"><testcase classname="backend.tests.test_epaper_language_scrapers.TestHealthAndStatus" name="test_health_endpoint" time="0.139" /><testcase classname="backend.tests.test_epaper_language_scrapers.TestHealthAndStatus" name="test_scraper_status" time="0.106" /><testcase classname="backend.tests.test_epaper_language_scrapers.TestEpaperEditions" name="test_editions_list" time="0.132" /><testcase classname="backend.tests.test_epaper_language_scrapers.TestTeluguEpaperLanguageSeparation" name="test_telugu_epaper_morning_titles" time="0.108" /><testcase classname="backend.tests.test_epaper_language_scrapers.TestTeluguEpaperLanguageSeparation" name="test_telugu_epaper_summaries" time="0.113" /><testcase classname="backend.tests.test_epaper_language_scrapers.TestEnglishEpaperLanguageSeparation" name="test_english_epaper_morning_no_telugu_titles" time="0.167" /><testcase classname="backend.tests.test_epaper_language_scrapers.TestEnglishEpaperLanguageSeparation" name="test_english_epaper_summaries_no_telugu" time="0.124" /><testcase classname="backend.tests.test_epaper_language_scrapers.TestEpaperContentQuality" name="test_epaper_has_articles" time="0.152" /><testcase classname="backend.tests.test_epaper_language_scrapers.TestEpaperContentQuality" name="test_epaper_summary_lengths" time="0.115" /><testcase classname="backend.tests.test_epaper_language_scrapers.TestScraperTrigger" name="test_scraper_trigger_endpoint" time="2.719" /><testcase classname="backend.tests.test_epaper_language_scrapers.TestLanguageSpecificTitleCache" name="test_telugu_title_not_overwritten_by_english_cache" time="0.359" /></testsuite></testsuites>