<?xml version="1.0" encoding="utf-8"?><testsuites name="pytest tests"><testsuite name="pytest" errors="0" failures="0" skipped="0" tests="13" time="1.995" timestamp="2026-03-08T13:41:05.538407+00:00" hostname="agent-env-1ba74f48-2252-4078-85b6-26d8ed78292d"><testcase classname="backend.tests.test_epaper_summary_expansion.TestHealthAndEditions" name="test_health_endpoint" time="0.232" /><testcase classname="backend.tests.test_epaper_summary_expansion.TestHealthAndEditions" name="test_editions_endpoint" time="0.117" /><testcase classname="backend.tests.test_epaper_summary_expansion.TestTeluguEPaperAM" name="test_telugu_am_api_response_time" time="0.124" /><testcase classname="backend.tests.test_epaper_summary_expansion.TestTeluguEPaperAM" name="test_telugu_am_has_articles" time="0.166" /><testcase classname="backend.tests.test_epaper_summary_expansion.TestTeluguEPaperAM" name="test_telugu_am_summaries_400_plus_chars" time="0.198" /><testcase classname="backend.tests.test_epaper_summary_expansion.TestTeluguEPaperAM" name="test_telugu_am_only_telugu_titles" time="0.114" /><testcase classname="backend.tests.test_epaper_summary_expansion.TestTeluguEPaperPM" name="test_telugu_pm_api_response_time" time="0.185" /><testcase classname="backend.tests.test_epaper_summary_expansion.TestTeluguEPaperPM" name="test_telugu_pm_summaries_400_plus_chars" time="0.137" /><testcase classname="backend.tests.test_epaper_summary_expansion.TestTeluguEPaperPM" name="test_telugu_pm_only_telugu_titles" time="0.115" /><testcase classname="backend.tests.test_epaper_summary_expansion.TestEnglishEPaperAM" name="test_english_am_api_response_time" time="0.111" /><testcase classname="backend.tests.test_epaper_summary_expansion.TestEnglishEPaperAM" name="test_english_am_summaries_400_plus_chars" time="0.129" /><testcase classname="backend.tests.test_epaper_summary_expansion.TestEnglishEPaperAM" name="test_english_am_only_english_titles" time="0.117" /><testcase classname="backend.tests.test_epaper_summary_expansion.TestSummaryCharacterLimits" name="test_hero_article_has_longest_summary" time="0.137" /></testsuite></testsuites>