<?xml version="1.0" encoding="utf-8"?><testsuites name="pytest tests"><testsuite name="pytest" errors="0" failures="1" skipped="0" tests="11" time="92.018" timestamp="2026-03-16T18:47:20.496540+00:00" hostname="agent-env-54c91c57-a2a2-4674-b937-babf4faf5284"><testcase classname="backend.tests.test_epaper_pdf.TestEpaperEditions" name="test_editions_endpoint_returns_data" time="7.673" /><testcase classname="backend.tests.test_epaper_pdf.TestEpaperContent" name="test_english_evening_edition_content" time="0.245" /><testcase classname="backend.tests.test_epaper_pdf.TestEpaperContent" name="test_telugu_evening_edition_content" time="0.161" /><testcase classname="backend.tests.test_epaper_pdf.TestEpaperContent" name="test_morning_edition_content" time="0.141" /><testcase classname="backend.tests.test_epaper_pdf.TestEpaperPDF" name="test_english_evening_pdf_generation" time="35.877" /><testcase classname="backend.tests.test_epaper_pdf.TestEpaperPDF" name="test_telugu_pdf_generation" time="23.854" /><testcase classname="backend.tests.test_epaper_pdf.TestEpaperPDF" name="test_morning_pdf_generation" time="5.664" /><testcase classname="backend.tests.test_epaper_pdf.TestPDFStructure" name="test_pdf_has_multiple_pages" time="17.720"><failure message="AssertionError: Page 6 should have content&#10;assert 48 &gt; 100&#10; +  where 48 = len('●●●●\nkaizernews.in • Page 5/7 • 2026-03-16\n●●●●\n')">backend/tests/test_epaper_pdf.py:265: in test_pdf_has_multiple_pages
    assert len(text) &gt; 100, f"Page {i+1} should have content"
E   AssertionError: Page 6 should have content
E   assert 48 &gt; 100
E    +  where 48 = len('●●●●\nkaizernews.in • Page 5/7 • 2026-03-16\n●●●●\n')</failure></testcase><testcase classname="backend.tests.test_epaper_pdf.TestPDFStructure" name="test_pdf_contains_images" time="0.011" /><testcase classname="backend.tests.test_epaper_pdf.TestPDFStructure" name="test_pdf_cmyk_footer" time="0.027" /><testcase classname="backend.tests.test_epaper_pdf.TestPDFHealthCheck" name="test_pdf_health_check" time="0.516" /></testsuite></testsuites>