<?xml version="1.0" encoding="utf-8"?><testsuites name="pytest tests"><testsuite name="pytest" errors="0" failures="0" skipped="0" tests="12" time="62.580" timestamp="2026-03-07T06:54:19.539530+00:00" hostname="agent-env-bef45edf-1908-45b1-ad65-0fc86804525a"><testcase classname="backend.tests.test_epaper_redesign.TestEpaperEditions" name="test_editions_endpoint_returns_data" time="0.148" /><testcase classname="backend.tests.test_epaper_redesign.TestEpaperEditions" name="test_editions_have_slot_field" time="0.104" /><testcase classname="backend.tests.test_epaper_redesign.TestEpaperContent" name="test_epaper_morning_slot_returns_max_2_pages" time="0.114" /><testcase classname="backend.tests.test_epaper_redesign.TestEpaperContent" name="test_epaper_evening_slot_returns_max_2_pages" time="0.108" /><testcase classname="backend.tests.test_epaper_redesign.TestEpaperContent" name="test_epaper_page_has_max_12_articles" time="0.116" /><testcase classname="backend.tests.test_epaper_redesign.TestEpaperContent" name="test_epaper_returns_edition_title" time="0.110" /><testcase classname="backend.tests.test_epaper_redesign.TestEpaperContent" name="test_epaper_returns_total_articles" time="0.128" /><testcase classname="backend.tests.test_epaper_redesign.TestEpaperContent" name="test_epaper_telugu_language" time="0.106" /><testcase classname="backend.tests.test_epaper_redesign.TestEpaperPDF" name="test_pdf_download_returns_pdf" time="13.377" /><testcase classname="backend.tests.test_epaper_redesign.TestEpaperPDF" name="test_pdf_filename_includes_slot" time="47.845" /><testcase classname="backend.tests.test_epaper_redesign.TestNewsFeed" name="test_public_news_endpoint" time="0.249" /><testcase classname="backend.tests.test_epaper_redesign.TestNewsFeed" name="test_news_feed_endpoint" time="0.114" /></testsuite></testsuites>