<?xml version="1.0" encoding="utf-8"?><testsuites name="pytest tests"><testsuite name="pytest" errors="0" failures="0" skipped="0" tests="14" time="2.076" timestamp="2026-03-06T21:14:49.346207+00:00" hostname="agent-env-e4b3715f-6b02-4a6f-9505-45b80d728de8"><testcase classname="backend.tests.test_epaper.TestEpaperEditions" name="test_editions_returns_list" time="0.139" /><testcase classname="backend.tests.test_epaper.TestEpaperEditions" name="test_editions_have_correct_structure" time="0.113" /><testcase classname="backend.tests.test_epaper.TestEpaperEditions" name="test_editions_sorted_by_date_descending" time="0.113" /><testcase classname="backend.tests.test_epaper.TestEpaperContent" name="test_get_epaper_by_date" time="0.170" /><testcase classname="backend.tests.test_epaper.TestEpaperContent" name="test_epaper_has_pages_structure" time="0.166" /><testcase classname="backend.tests.test_epaper.TestEpaperContent" name="test_epaper_articles_structure" time="0.126" /><testcase classname="backend.tests.test_epaper.TestEpaperContent" name="test_dense_pages_with_many_articles" time="0.130" /><testcase classname="backend.tests.test_epaper.TestEpaperContent" name="test_telangana_political_news_prioritized" time="0.133" /><testcase classname="backend.tests.test_epaper.TestEpaperLanguage" name="test_english_language_default" time="0.142" /><testcase classname="backend.tests.test_epaper.TestEpaperLanguage" name="test_telugu_language_param" time="0.149" /><testcase classname="backend.tests.test_epaper.TestEpaperLanguage" name="test_front_page_title_by_language" time="0.262" /><testcase classname="backend.tests.test_epaper.TestEpaperEdgeCases" name="test_old_date_returns_response" time="0.121" /><testcase classname="backend.tests.test_epaper.TestEpaperEdgeCases" name="test_invalid_language_rejected" time="0.119" /><testcase classname="backend.tests.test_epaper.TestEpaperEdgeCases" name="test_single_page_edition" time="0.121" /></testsuite></testsuites>