<?xml version="1.0" encoding="utf-8"?><testsuites name="pytest tests"><testsuite name="pytest" errors="0" failures="0" skipped="0" tests="10" time="1.319" timestamp="2026-03-07T09:20:24.266170+00:00" hostname="agent-env-0af39b0e-d4a5-44e9-b631-fdca5593dc40"><testcase classname="backend.tests.test_epaper_title_summary.TestEpaperTitleCondensation" name="test_morning_edition_titles_under_85_chars" time="0.162" /><testcase classname="backend.tests.test_epaper_title_summary.TestEpaperTitleCondensation" name="test_evening_edition_titles_under_85_chars" time="0.109" /><testcase classname="backend.tests.test_epaper_title_summary.TestEpaperSummaryCompleteness" name="test_morning_summaries_end_with_complete_sentences" time="0.154" /><testcase classname="backend.tests.test_epaper_title_summary.TestEpaperSummaryCompleteness" name="test_evening_summaries_end_with_complete_sentences" time="0.126" /><testcase classname="backend.tests.test_epaper_title_summary.TestEpaperPageNavigation" name="test_epaper_returns_two_pages" time="0.119" /><testcase classname="backend.tests.test_epaper_title_summary.TestEpaperPageNavigation" name="test_morning_edition_slot" time="0.106" /><testcase classname="backend.tests.test_epaper_title_summary.TestEpaperPageNavigation" name="test_evening_edition_slot" time="0.109" /><testcase classname="backend.tests.test_epaper_title_summary.TestEpaperPageNavigation" name="test_max_12_articles_per_page" time="0.107" /><testcase classname="backend.tests.test_epaper_title_summary.TestEpaperEditions" name="test_editions_list_returns_data" time="0.107" /><testcase classname="backend.tests.test_epaper_title_summary.TestTrimToCompleteSentences" name="test_no_mid_word_truncation" time="0.110" /></testsuite></testsuites>