<?xml version="1.0" encoding="utf-8"?><testsuites name="pytest tests"><testsuite name="pytest" errors="0" failures="0" skipped="1" tests="11" time="2.742" timestamp="2026-02-27T10:48:52.884361+00:00" hostname="agent-env-b5563d77-6965-430e-862b-88e895217045"><testcase classname="tests.test_guest_reporter_admin.TestHealthCheck" name="test_api_root" time="0.216" /><testcase classname="tests.test_guest_reporter_admin.TestGuestModeAPIs" name="test_news_feed_no_auth" time="0.172" /><testcase classname="tests.test_guest_reporter_admin.TestGuestModeAPIs" name="test_news_categories_no_auth" time="0.099" /><testcase classname="tests.test_guest_reporter_admin.TestGuestModeAPIs" name="test_news_by_category_no_auth" time="0.136" /><testcase classname="tests.test_guest_reporter_admin.TestAdminMockOTP" name="test_send_otp_admin_phone" time="0.157" /><testcase classname="tests.test_guest_reporter_admin.TestAdminMockOTP" name="test_verify_otp_admin_correct" time="0.230" /><testcase classname="tests.test_guest_reporter_admin.TestAdminMockOTP" name="test_verify_otp_admin_wrong" time="0.203" /><testcase classname="tests.test_guest_reporter_admin.TestAdminMockOTP" name="test_non_admin_user_is_admin_false" time="1.110"><skipped type="pytest.skip" message="No debug OTP returned - real SMS mode">/app/backend/tests/test_guest_reporter_admin.py:115: No debug OTP returned - real SMS mode</skipped></testcase><testcase classname="tests.test_guest_reporter_admin.TestReporterCheckAPI" name="test_reporter_check_unregistered" time="0.105" /><testcase classname="tests.test_guest_reporter_admin.TestBreakingNewsNotifications" name="test_breaking_news_endpoint" time="0.132" /><testcase classname="tests.test_guest_reporter_admin.TestServiceWorkerAccess" name="test_sw_js_accessible" time="0.095" /></testsuite></testsuites>