<?xml version="1.0" encoding="utf-8"?><testsuites name="pytest tests"><testsuite name="pytest" errors="0" failures="0" skipped="0" tests="8" time="1.738" timestamp="2026-03-06T22:46:50.090035+00:00" hostname="agent-env-bef45edf-1908-45b1-ad65-0fc86804525a"><testcase classname="backend.tests.test_new_features_iteration15.TestEpaperEditionsAPI" name="test_get_editions_returns_slots" time="0.251" /><testcase classname="backend.tests.test_new_features_iteration15.TestEpaperEditionsAPI" name="test_get_epaper_pages_returns_multiple" time="0.307" /><testcase classname="backend.tests.test_new_features_iteration15.TestPublicNewsAPI" name="test_news_feed_returns_articles" time="0.175" /><testcase classname="backend.tests.test_new_features_iteration15.TestPublicNewsAPI" name="test_public_news_endpoint" time="0.133" /><testcase classname="backend.tests.test_new_features_iteration15.TestPublicNewsAPI" name="test_news_by_category" time="0.134" /><testcase classname="backend.tests.test_new_features_iteration15.TestArticleViewTracking" name="test_article_view_post_endpoint" time="0.240" /><testcase classname="backend.tests.test_new_features_iteration15.TestDataIntegrity" name="test_article_has_required_fields_for_modal" time="0.162" /><testcase classname="backend.tests.test_new_features_iteration15.TestDataIntegrity" name="test_epaper_page_has_required_fields_for_scroll" time="0.248" /></testsuite></testsuites>