<?xml version="1.0" encoding="utf-8"?><testsuites name="pytest tests"><testsuite name="pytest" errors="0" failures="0" skipped="0" tests="12" time="2.489" timestamp="2026-02-27T11:02:44.439872+00:00" hostname="agent-env-b5563d77-6965-430e-862b-88e895217045"><testcase classname="backend.tests.test_live_tv.TestLiveTVAPI" name="test_api_health" time="0.138" /><testcase classname="backend.tests.test_live_tv.TestLiveTVAPI" name="test_get_live_channels" time="0.107" /><testcase classname="backend.tests.test_live_tv.TestLiveTVAPI" name="test_add_live_channel" time="0.201" /><testcase classname="backend.tests.test_live_tv.TestLiveTVAPI" name="test_youtube_id_extraction_from_different_formats" time="0.841" /><testcase classname="backend.tests.test_live_tv.TestLiveTVAPI" name="test_delete_live_channel" time="0.322" /><testcase classname="backend.tests.test_live_tv.TestLiveTVAPI" name="test_delete_nonexistent_channel" time="0.096" /><testcase classname="backend.tests.test_live_tv.TestLiveTVAPI" name="test_add_channel_without_name_fails" time="0.095" /><testcase classname="backend.tests.test_live_tv.TestLiveTVAPI" name="test_add_channel_without_url_fails" time="0.086" /><testcase classname="backend.tests.test_live_tv.TestAdminAuthFlow" name="test_admin_otp_send" time="0.116" /><testcase classname="backend.tests.test_live_tv.TestAdminAuthFlow" name="test_admin_otp_verify" time="0.208" /><testcase classname="backend.tests.test_live_tv.TestGuestMode" name="test_news_feed_accessible" time="0.104" /><testcase classname="backend.tests.test_live_tv.TestGuestMode" name="test_categories_accessible" time="0.108" /></testsuite></testsuites>