<?xml version="1.0" encoding="utf-8"?><testsuites name="pytest tests"><testsuite name="pytest" errors="0" failures="0" skipped="0" tests="18" time="3.697" timestamp="2026-03-15T14:56:09.167966+00:00" hostname="agent-env-f3610319-e95f-465b-a15b-264c4482a00f"><testcase classname="backend.tests.test_public_api.TestApiKeyManagement" name="test_create_api_key" time="0.344" /><testcase classname="backend.tests.test_public_api.TestApiKeyManagement" name="test_list_api_keys" time="0.149" /><testcase classname="backend.tests.test_public_api.TestApiKeyManagement" name="test_get_key_usage" time="0.113" /><testcase classname="backend.tests.test_public_api.TestApiKeyManagement" name="test_toggle_api_key" time="0.211" /><testcase classname="backend.tests.test_public_api.TestPublicApiAuth" name="test_feed_without_api_key_returns_401" time="0.276" /><testcase classname="backend.tests.test_public_api.TestPublicApiAuth" name="test_feed_with_invalid_key_returns_401" time="0.259" /><testcase classname="backend.tests.test_public_api.TestPublicApiAuth" name="test_feed_with_valid_key_returns_ok" time="0.237" /><testcase classname="backend.tests.test_public_api.TestPublicApiEndpoints" name="test_feed_default_params" time="0.128" /><testcase classname="backend.tests.test_public_api.TestPublicApiEndpoints" name="test_feed_with_category_filter" time="0.128" /><testcase classname="backend.tests.test_public_api.TestPublicApiEndpoints" name="test_feed_telugu_language" time="0.109" /><testcase classname="backend.tests.test_public_api.TestPublicApiEndpoints" name="test_feed_pagination" time="0.122" /><testcase classname="backend.tests.test_public_api.TestPublicApiEndpoints" name="test_categories_endpoint" time="0.108" /><testcase classname="backend.tests.test_public_api.TestPublicApiEndpoints" name="test_search_endpoint" time="0.147" /><testcase classname="backend.tests.test_public_api.TestPublicApiEndpoints" name="test_single_article" time="0.229" /><testcase classname="backend.tests.test_public_api.TestPublicApiEndpoints" name="test_article_not_found" time="0.106" /><testcase classname="backend.tests.test_public_api.TestRateLimitingAndRevocation" name="test_revoked_key_returns_403" time="0.515" /><testcase classname="backend.tests.test_public_api.TestApiKeyCleanup" name="test_delete_api_key" time="0.235" /><testcase classname="backend.tests.test_public_api.TestApiKeyCleanup" name="test_delete_nonexistent_key_returns_404" time="0.102" /></testsuite></testsuites>