<?xml version="1.0" encoding="utf-8"?><testsuites name="pytest tests"><testsuite name="pytest" errors="0" failures="0" skipped="0" tests="13" time="7.618" timestamp="2026-02-27T06:54:12.319632+00:00" hostname="agent-env-b5563d77-6965-430e-862b-88e895217045"><testcase classname="tests.test_imagekit_upload.TestImageUpload" name="test_upload_jpeg_image_success" time="1.262" /><testcase classname="tests.test_imagekit_upload.TestImageUpload" name="test_upload_png_image_success" time="1.017" /><testcase classname="tests.test_imagekit_upload.TestImageUpload" name="test_upload_invalid_file_type_rejected" time="0.135" /><testcase classname="tests.test_imagekit_upload.TestImageUpload" name="test_upload_pdf_as_image_rejected" time="0.095" /><testcase classname="tests.test_imagekit_upload.TestImageUpload" name="test_upload_file_too_large_rejected" time="0.383" /><testcase classname="tests.test_imagekit_upload.TestVideoUpload" name="test_upload_mp4_video_success" time="1.134" /><testcase classname="tests.test_imagekit_upload.TestVideoUpload" name="test_upload_invalid_video_type_rejected" time="0.097" /><testcase classname="tests.test_imagekit_upload.TestVideoUpload" name="test_upload_image_as_video_rejected" time="0.110" /><testcase classname="tests.test_imagekit_upload.TestImageKitURLAccessibility" name="test_uploaded_image_url_accessible" time="1.549" /><testcase classname="tests.test_imagekit_upload.TestNewsCreationWithImageKit" name="test_create_news_with_imagekit_image" time="1.410" /><testcase classname="tests.test_imagekit_upload.TestNewsFeedWithImageKitURLs" name="test_news_feed_returns_imagekit_urls" time="0.102" /><testcase classname="tests.test_imagekit_upload.TestAPIHealth" name="test_api_root_accessible" time="0.107" /><testcase classname="tests.test_imagekit_upload.TestAPIHealth" name="test_categories_endpoint" time="0.125" /></testsuite></testsuites>