<?xml version="1.0" encoding="utf-8"?><testsuites name="pytest tests"><testsuite name="pytest" errors="0" failures="0" skipped="0" tests="7" time="11.479" timestamp="2026-04-27T20:12:53.452339+00:00" hostname="agent-env-9ff2c2f0-ffde-4b53-85f7-c86e7a99f0b8"><testcase classname="backend.tests.test_reporter_admin.TestAdminReporters" name="test_get_admin_reporters_200" time="10.922" /><testcase classname="backend.tests.test_reporter_admin.TestAdminReporters" name="test_get_admin_reporter_news_200" time="0.059" /><testcase classname="backend.tests.test_reporter_admin.TestReporterRegistration" name="test_register_reporter" time="0.064" /><testcase classname="backend.tests.test_reporter_admin.TestReporterRegistration" name="test_check_after_register" time="0.066" /><testcase classname="backend.tests.test_reporter_admin.TestReporterRegistration" name="test_approve_reporter" time="0.111" /><testcase classname="backend.tests.test_reporter_admin.TestReporterRegistration" name="test_reject_reporter" time="0.114" /><testcase classname="backend.tests.test_reporter_admin.TestRegression" name="test_news_feed_still_works" time="0.052" /></testsuite></testsuites>