<?xml version="1.0" encoding="utf-8"?><testsuites name="pytest tests"><testsuite name="pytest" errors="0" failures="0" skipped="0" tests="10" time="4.178" timestamp="2026-02-27T10:35:25.785335+00:00" hostname="agent-env-b5563d77-6965-430e-862b-88e895217045"><testcase classname="backend.tests.test_scraper.TestScraperEndpoints" name="test_scraper_status_endpoint" time="0.204" /><testcase classname="backend.tests.test_scraper.TestScraperEndpoints" name="test_scraper_trigger_endpoint" time="0.314" /><testcase classname="backend.tests.test_scraper.TestScraperEndpoints" name="test_scraper_deduplication" time="2.720" /><testcase classname="backend.tests.test_scraper.TestScrapedArticlesInFeed" name="test_feed_contains_siasat_articles" time="0.122" /><testcase classname="backend.tests.test_scraper.TestScrapedArticlesInFeed" name="test_siasat_article_has_valid_category" time="0.171" /><testcase classname="backend.tests.test_scraper.TestScrapedArticlesInFeed" name="test_siasat_articles_have_images" time="0.098" /><testcase classname="backend.tests.test_scraper.TestAdminAllEndpoint" name="test_admin_all_contains_siasat_articles" time="0.144" /><testcase classname="backend.tests.test_scraper.TestCategoryMapping" name="test_category_mapping_in_articles" time="0.114" /><testcase classname="backend.tests.test_scraper.TestHealthAndBasics" name="test_api_root" time="0.102" /><testcase classname="backend.tests.test_scraper.TestHealthAndBasics" name="test_categories_endpoint" time="0.095" /></testsuite></testsuites>