<?xml version="1.0" encoding="utf-8"?><testsuites name="pytest tests"><testsuite name="pytest" errors="0" failures="0" skipped="1" tests="20" time="3.511" timestamp="2026-03-11T20:12:14.584034+00:00" hostname="agent-env-f3610319-e95f-465b-a15b-264c4482a00f"><testcase classname="tests.test_seo_engine.TestSitemapXml" name="test_sitemap_xml_returns_valid_xml" time="0.368" /><testcase classname="tests.test_seo_engine.TestSitemapXml" name="test_sitemap_has_4000_plus_urls" time="0.289" /><testcase classname="tests.test_seo_engine.TestSitemapXml" name="test_sitemap_has_main_pages" time="0.161" /><testcase classname="tests.test_seo_engine.TestRssFeed" name="test_rss_xml_returns_valid_xml" time="0.160" /><testcase classname="tests.test_seo_engine.TestRssFeed" name="test_rss_has_50_items" time="0.181" /><testcase classname="tests.test_seo_engine.TestRssFeed" name="test_rss_channel_metadata" time="0.171" /><testcase classname="tests.test_seo_engine.TestRobotsTxt" name="test_robots_txt_returns_text" time="0.125" /><testcase classname="tests.test_seo_engine.TestRobotsTxt" name="test_robots_allows_news_disallows_admin" time="0.182" /><testcase classname="tests.test_seo_engine.TestSeoEngineStats" name="test_stats_returns_seo_coverage" time="0.153" /><testcase classname="tests.test_seo_engine.TestIndexNowKey" name="test_indexnow_key_returns_key" time="0.131" /><testcase classname="tests.test_seo_engine.TestServerRenderedArticlePage" name="test_article_page_returns_html" time="0.129" /><testcase classname="tests.test_seo_engine.TestServerRenderedArticlePage" name="test_article_page_has_json_ld" time="0.136"><skipped type="pytest.skip" message="No articles available">/app/backend/tests/test_seo_engine.py:209: No articles available</skipped></testcase><testcase classname="tests.test_seo_engine.TestSeoMetaGeneration" name="test_generate_meta_endpoint" time="0.168" /><testcase classname="tests.test_seo_engine.TestStaticFileRegeneration" name="test_generate_static_endpoint" time="0.177" /><testcase classname="tests.test_seo_engine.TestPreviousFeaturesIntegration" name="test_seo_agent_latest_returns_report" time="0.147" /><testcase classname="tests.test_seo_engine.TestPreviousFeaturesIntegration" name="test_tech_agent_run_returns_report" time="0.153" /><testcase classname="tests.test_seo_engine.TestFrontendIndexHtml" name="test_index_html_has_og_tags" time="0.158" /><testcase classname="tests.test_seo_engine.TestFrontendIndexHtml" name="test_index_html_has_twitter_cards" time="0.108" /><testcase classname="tests.test_seo_engine.TestFrontendIndexHtml" name="test_index_html_has_rss_link" time="0.133" /><testcase classname="tests.test_seo_engine.TestFrontendIndexHtml" name="test_index_html_has_meta_description" time="0.151" /></testsuite></testsuites>