<?xml version="1.0" encoding="utf-8"?><testsuites name="pytest tests"><testsuite name="pytest" errors="0" failures="0" skipped="0" tests="34" time="12.249" timestamp="2026-03-15T15:16:52.442025+00:00" hostname="agent-env-c103d2a1-7673-4466-9f6e-11a8ee356bdd"><testcase classname="backend.tests.test_seo_engine_v2.TestSitemapXML" name="test_sitemap_returns_xml" time="0.316" /><testcase classname="backend.tests.test_seo_engine_v2.TestSitemapXML" name="test_sitemap_has_urlset_with_namespaces" time="0.273" /><testcase classname="backend.tests.test_seo_engine_v2.TestSitemapXML" name="test_sitemap_has_google_news_tags" time="0.213" /><testcase classname="backend.tests.test_seo_engine_v2.TestSitemapXML" name="test_sitemap_has_hreflang_tags" time="0.307" /><testcase classname="backend.tests.test_seo_engine_v2.TestRobotsTxt" name="test_robots_returns_text" time="0.171" /><testcase classname="backend.tests.test_seo_engine_v2.TestRobotsTxt" name="test_robots_has_googlebot_news_rules" time="0.140" /><testcase classname="backend.tests.test_seo_engine_v2.TestRobotsTxt" name="test_robots_has_multiple_sitemaps" time="0.118" /><testcase classname="backend.tests.test_seo_engine_v2.TestRobotsTxt" name="test_robots_has_crawl_delay" time="0.147" /><testcase classname="backend.tests.test_seo_engine_v2.TestRSSFeed" name="test_rss_returns_xml" time="0.117" /><testcase classname="backend.tests.test_seo_engine_v2.TestRSSFeed" name="test_rss_has_channel_structure" time="0.119" /><testcase classname="backend.tests.test_seo_engine_v2.TestRSSFeed" name="test_rss_has_category_tags" time="0.106" /><testcase classname="backend.tests.test_seo_engine_v2.TestRSSFeed" name="test_rss_has_atom_namespace" time="0.139" /><testcase classname="backend.tests.test_seo_engine_v2.TestServerRenderedArticle" name="test_article_returns_html" time="0.122" /><testcase classname="backend.tests.test_seo_engine_v2.TestServerRenderedArticle" name="test_article_has_newsarticle_jsonld" time="0.110" /><testcase classname="backend.tests.test_seo_engine_v2.TestServerRenderedArticle" name="test_article_has_breadcrumblist_jsonld" time="0.119" /><testcase classname="backend.tests.test_seo_engine_v2.TestServerRenderedArticle" name="test_article_has_website_jsonld" time="0.144" /><testcase classname="backend.tests.test_seo_engine_v2.TestServerRenderedArticle" name="test_article_has_breadcrumb_html" time="0.112" /><testcase classname="backend.tests.test_seo_engine_v2.TestServerRenderedArticle" name="test_article_has_canonical_url" time="0.120" /><testcase classname="backend.tests.test_seo_engine_v2.TestServerRenderedArticle" name="test_article_has_hreflang_tags" time="0.128" /><testcase classname="backend.tests.test_seo_engine_v2.TestServerRenderedArticle" name="test_article_has_related_section" time="0.118" /><testcase classname="backend.tests.test_seo_engine_v2.TestServerRenderedArticle" name="test_article_404_for_nonexistent" time="0.108" /><testcase classname="backend.tests.test_seo_engine_v2.TestRelatedArticlesAPI" name="test_related_returns_json" time="0.127" /><testcase classname="backend.tests.test_seo_engine_v2.TestRelatedArticlesAPI" name="test_related_articles_in_same_category" time="0.176" /><testcase classname="backend.tests.test_seo_engine_v2.TestRelatedArticlesAPI" name="test_related_respects_limit" time="0.107" /><testcase classname="backend.tests.test_seo_engine_v2.TestRelatedArticlesAPI" name="test_related_excludes_current_article" time="0.137" /><testcase classname="backend.tests.test_seo_engine_v2.TestRelatedArticlesAPI" name="test_related_returns_empty_for_nonexistent" time="0.131" /><testcase classname="backend.tests.test_seo_engine_v2.TestSEOStats" name="test_stats_returns_json" time="0.180" /><testcase classname="backend.tests.test_seo_engine_v2.TestSEOStats" name="test_stats_has_health_score" time="0.188" /><testcase classname="backend.tests.test_seo_engine_v2.TestSEOStats" name="test_stats_has_image_coverage" time="0.143" /><testcase classname="backend.tests.test_seo_engine_v2.TestSEOStats" name="test_stats_has_telugu_coverage" time="6.886" /><testcase classname="backend.tests.test_seo_engine_v2.TestSEOStats" name="test_stats_has_link_coverage" time="0.202" /><testcase classname="backend.tests.test_seo_engine_v2.TestSEOStats" name="test_stats_has_recent_24h" time="0.171" /><testcase classname="backend.tests.test_seo_engine_v2.TestSEOStats" name="test_stats_has_seo_coverage" time="0.185" /><testcase classname="backend.tests.test_seo_engine_v2.TestSEOStats" name="test_stats_has_urls" time="0.139" /></testsuite></testsuites>