<?xml version="1.0" encoding="utf-8"?><testsuites name="pytest tests"><testsuite name="pytest" errors="0" failures="0" skipped="0" tests="18" time="11.380" timestamp="2026-04-27T20:53:05.572753+00:00" hostname="agent-env-9ff2c2f0-ffde-4b53-85f7-c86e7a99f0b8"><testcase classname="backend.tests.test_startup" name="test_submit_valid_payload_with_location_fields" time="8.960" /><testcase classname="backend.tests.test_startup" name="test_admin_list_returns_new_location_fields" time="0.068" /><testcase classname="backend.tests.test_startup" name="test_csv_export_default" time="0.059" /><testcase classname="backend.tests.test_startup" name="test_csv_export_status_filter" time="0.177" /><testcase classname="backend.tests.test_startup" name="test_submit_invalid_mobile_short" time="0.056" /><testcase classname="backend.tests.test_startup" name="test_submit_invalid_mobile_alphanum" time="0.053" /><testcase classname="backend.tests.test_startup" name="test_submit_short_idea" time="0.052" /><testcase classname="backend.tests.test_startup" name="test_submit_malformed_email" time="0.050" /><testcase classname="backend.tests.test_startup" name="test_submit_duplicate_mobile" time="0.054" /><testcase classname="backend.tests.test_startup" name="test_check_existing" time="0.056" /><testcase classname="backend.tests.test_startup" name="test_check_new" time="0.062" /><testcase classname="backend.tests.test_startup" name="test_admin_list" time="0.056" /><testcase classname="backend.tests.test_startup" name="test_update_status_valid" time="0.058" /><testcase classname="backend.tests.test_startup" name="test_update_status_invalid" time="0.054" /><testcase classname="backend.tests.test_startup" name="test_upload_document_pdf" time="1.326" /><testcase classname="backend.tests.test_startup" name="test_upload_document_invalid_ext" time="0.055" /><testcase classname="backend.tests.test_startup" name="test_regression_admin_reporters" time="0.057" /><testcase classname="backend.tests.test_startup" name="test_regression_news_feed" time="0.058" /></testsuite></testsuites>