<?xml version="1.0" encoding="utf-8"?><testsuites name="pytest tests"><testsuite name="pytest" errors="0" failures="1" skipped="0" tests="15" time="21.487" timestamp="2026-03-11T16:16:37.409052+00:00" hostname="agent-env-1ba74f48-2252-4078-85b6-26d8ed78292d"><testcase classname="tests.test_telegram_epaper.TestHealthAndConfig" name="test_health_endpoint" time="0.202" /><testcase classname="tests.test_telegram_epaper.TestHealthAndConfig" name="test_telegram_config" time="0.131" /><testcase classname="tests.test_telegram_epaper.TestTelegramReportEndpoints" name="test_send_morning_report" time="0.135" /><testcase classname="tests.test_telegram_epaper.TestTelegramReportEndpoints" name="test_send_evening_report" time="0.149" /><testcase classname="tests.test_telegram_epaper.TestTelegramReportEndpoints" name="test_send_pdf_endpoint" time="0.112" /><testcase classname="tests.test_telegram_epaper.TestTelegramReportEndpoints" name="test_send_pdf_with_params" time="0.170" /><testcase classname="tests.test_telegram_epaper.TestEpaperPDFDownload" name="test_pdf_english_morning" time="4.504" /><testcase classname="tests.test_telegram_epaper.TestEpaperPDFDownload" name="test_pdf_telugu_morning" time="6.156"><failure message="Failed: Unexpected status: 500, Internal Server Error">tests/test_telegram_epaper.py:101: in test_pdf_telugu_morning
    pytest.fail(f"Unexpected status: {response.status_code}, {response.text}")
E   Failed: Unexpected status: 500, Internal Server Error</failure></testcase><testcase classname="tests.test_telegram_epaper.TestEpaperPDFDownload" name="test_pdf_latest_date" time="7.367" /><testcase classname="tests.test_telegram_epaper.TestEpaperEditions" name="test_editions_list" time="0.250" /><testcase classname="tests.test_telegram_epaper.TestEpaperEditions" name="test_edition_content" time="0.316" /><testcase classname="tests.test_telegram_epaper.TestTelegramWebhook" name="test_webhook_empty_message" time="0.110" /><testcase classname="tests.test_telegram_epaper.TestTelegramWebhook" name="test_webhook_start_command" time="1.387" /><testcase classname="tests.test_telegram_epaper.TestAgentsPage" name="test_agents_editor_latest" time="0.189" /><testcase classname="tests.test_telegram_epaper.TestAgentsPage" name="test_agents_investigator_topics" time="0.159" /></testsuite></testsuites>