<?xml version="1.0" encoding="utf-8"?><testsuites name="pytest tests"><testsuite name="pytest" errors="0" failures="0" skipped="0" tests="18" time="5.381" timestamp="2026-03-16T13:34:55.574213+00:00" hostname="agent-env-c103d2a1-7673-4466-9f6e-11a8ee356bdd"><testcase classname="backend.tests.test_youtube_new_features.TestYouTubeChannels" name="test_channels_returns_13_channels" time="2.231" /><testcase classname="backend.tests.test_youtube_new_features.TestYouTubeChannels" name="test_channels_structure" time="0.244" /><testcase classname="backend.tests.test_youtube_new_features.TestYouTubeChannels" name="test_channels_includes_kaizer_networks" time="0.326" /><testcase classname="backend.tests.test_youtube_new_features.TestYouTubeShortsEndpoint" name="test_shorts_endpoint_exists" time="0.185" /><testcase classname="backend.tests.test_youtube_new_features.TestYouTubeShortsEndpoint" name="test_shorts_response_structure" time="0.248" /><testcase classname="backend.tests.test_youtube_new_features.TestYouTubeShortsEndpoint" name="test_shorts_with_quota_error_returns_empty" time="0.199" /><testcase classname="backend.tests.test_youtube_new_features.TestYouTubeVideosEndpoint" name="test_videos_endpoint_exists" time="0.245" /><testcase classname="backend.tests.test_youtube_new_features.TestYouTubeVideosEndpoint" name="test_videos_response_structure" time="0.177" /><testcase classname="backend.tests.test_youtube_new_features.TestYouTubeVideosEndpoint" name="test_videos_with_quota_error_returns_empty" time="0.222" /><testcase classname="backend.tests.test_youtube_new_features.TestYouTubeContentCuratorAgent" name="test_content_curator_get_cached" time="0.116" /><testcase classname="backend.tests.test_youtube_new_features.TestYouTubeContentCuratorAgent" name="test_content_curator_report_structure" time="0.122" /><testcase classname="backend.tests.test_youtube_new_features.TestYouTubeContentCuratorAgent" name="test_content_curator_has_shorts_strategy" time="0.148" /><testcase classname="backend.tests.test_youtube_new_features.TestYouTubePerformanceAgent" name="test_performance_get_cached" time="0.122" /><testcase classname="backend.tests.test_youtube_new_features.TestYouTubePerformanceAgent" name="test_performance_report_structure" time="0.119" /><testcase classname="backend.tests.test_youtube_new_features.TestYouTubePerformanceAgent" name="test_performance_has_valid_health_score" time="0.121" /><testcase classname="backend.tests.test_youtube_new_features.TestYouTubePerformanceAgent" name="test_performance_has_channel_rankings" time="0.124" /><testcase classname="backend.tests.test_youtube_new_features.TestYouTubeAgentPostEndpoints" name="test_content_curator_post_exists" time="0.147" /><testcase classname="backend.tests.test_youtube_new_features.TestYouTubeAgentPostEndpoints" name="test_performance_post_exists" time="0.172" /></testsuite></testsuites>