<?xml version="1.0" encoding="utf-8"?><testsuites name="pytest tests"><testsuite name="pytest" errors="0" failures="0" skipped="0" tests="13" time="5.570" timestamp="2026-03-16T12:51:53.801572+00:00" hostname="agent-env-c103d2a1-7673-4466-9f6e-11a8ee356bdd"><testcase classname="tests.test_youtube_api.TestYouTubeVideos" name="test_get_videos_success" time="1.692" /><testcase classname="tests.test_youtube_api.TestYouTubeVideos" name="test_videos_have_required_fields" time="0.283" /><testcase classname="tests.test_youtube_api.TestYouTubeVideos" name="test_videos_from_kaizer_nigha_channel" time="0.308" /><testcase classname="tests.test_youtube_api.TestYouTubeVideos" name="test_max_results_parameter" time="0.296" /><testcase classname="tests.test_youtube_api.TestYouTubeVideos" name="test_custom_channel_id_parameter" time="0.340" /><testcase classname="tests.test_youtube_api.TestYouTubeLive" name="test_get_live_streams" time="0.265" /><testcase classname="tests.test_youtube_api.TestYouTubeLive" name="test_live_streams_structure" time="0.331" /><testcase classname="tests.test_youtube_api.TestYouTubeLive" name="test_live_with_custom_channel_id" time="0.340" /><testcase classname="tests.test_youtube_api.TestYouTubeChannel" name="test_get_channel_info" time="0.194" /><testcase classname="tests.test_youtube_api.TestYouTubeChannel" name="test_channel_is_kaizer_nigha" time="0.162" /><testcase classname="tests.test_youtube_api.TestYouTubeChannel" name="test_channel_has_statistics" time="0.573" /><testcase classname="tests.test_youtube_api.TestYouTubeChannel" name="test_channel_has_thumbnail" time="0.318" /><testcase classname="tests.test_youtube_api.TestYouTubeChannel" name="test_channel_id_matches" time="0.342" /></testsuite></testsuites>